═══ CCTV URL 갱신: 2026-03-23 11:50:00 ═══
  📹 ITS API: 142대 수신
  📹 도고 인근 6대 선택:
    1. [국도 21호선] 아산 시전사거리 (1.5km) ✅
    2. [국도21] 아산 금산삼거리 (1.6km) ✅
    3. [국도21] 아산 향산사거리 (2.2km) ✅
    4. [국도21] 아산 금산리교차로 (2.5km) ✅
    5. [국도21] 아산 와산삼거리 (2.5km) ✅
    6. [국도 21호선] 아산 와산리 (3.1km) ✅
  💾 로컬 저장: data/cctv_live.json
  ✅ GitHub push 성공
═══ 완료 ═══

═══ CCTV URL 갱신: 2026-03-23 12:00:00 ═══
  📹 ITS API: 141대 수신
  📹 도고 인근 6대 선택:
    1. [국도 21호선] 아산 시전사거리 (1.5km) ✅
    2. [국도21] 아산 금산삼거리 (1.6km) ✅
    3. [국도21] 아산 향산사거리 (2.2km) ✅
    4. [국도21] 아산 금산리교차로 (2.5km) ✅
    5. [국도21] 아산 와산삼거리 (2.5km) ✅
    6. [국도 21호선] 아산 와산리 (3.1km) ✅
  💾 로컬 저장: data/cctv_live.json
  ✅ GitHub push 성공
═══ 완료 ═══

═══ CCTV URL 갱신: 2026-03-23 12:30:01 ═══
  📹 ITS API: 140대 수신
  📹 도고 인근 6대 선택:
    1. [국도 21호선] 아산 시전사거리 (1.5km) ✅
    2. [국도21] 아산 금산삼거리 (1.6km) ✅
    3. [국도21] 아산 향산사거리 (2.2km) ✅
    4. [국도21] 아산 금산리교차로 (2.5km) ✅
    5. [국도21] 아산 와산삼거리 (2.5km) ✅
    6. [국도 21호선] 아산 와산리 (3.1km) ✅
  💾 로컬 저장: data/cctv_live.json
  ✅ GitHub push 성공
═══ 완료 ═══

═══ CCTV URL 갱신: 2026-03-23 12:40:01 ═══
  📹 ITS API: 140대 수신
  📹 도고 인근 6대 선택:
    1. [국도 21호선] 아산 시전사거리 (1.5km) ✅
    2. [국도21] 아산 금산삼거리 (1.6km) ✅
    3. [국도21] 아산 향산사거리 (2.2km) ✅
    4. [국도21] 아산 금산리교차로 (2.5km) ✅
    5. [국도21] 아산 와산삼거리 (2.5km) ✅
    6. [국도 21호선] 아산 와산리 (3.1km) ✅
  💾 로컬 저장: data/cctv_live.json
  ✅ GitHub push 성공
═══ 완료 ═══

═══ CCTV URL 갱신: 2026-03-23 12:50:00 ═══
  📹 ITS API: 140대 수신
  📹 도고 인근 6대 선택:
    1. [국도 21호선] 아산 시전사거리 (1.5km) ✅
    2. [국도21] 아산 금산삼거리 (1.6km) ✅
    3. [국도21] 아산 향산사거리 (2.2km) ✅
    4. [국도21] 아산 금산리교차로 (2.5km) ✅
    5. [국도21] 아산 와산삼거리 (2.5km) ✅
    6. [국도 21호선] 아산 와산리 (3.1km) ✅
  💾 로컬 저장: data/cctv_live.json
  ✅ GitHub push 성공
═══ 완료 ═══

